2022-08-08 13:38:25,142 [Worker-4: Loading available Gradle versions] INFO  o.e.b.c.i.u.g.PublishedGradleVersions - Gradle version information cache is up-to-date. Trying to read.
2022-08-08 13:38:49,075 [Worker-5: Building] INFO  o.e.m.c.i.l.LifecycleMappingFactory - Using org.eclipse.m2e.jdt.JarLifecycleMapping lifecycle mapping for MavenProject: programa.poo:POO:1.0-SNAPSHOT @ /home/brunei/NetBeansProjects/POO/pom.xml.
2022-08-08 13:38:49,887 [Worker-5: Building] INFO  o.e.m.c.i.embedder.EclipseLogger - Using 'UTF-8' encoding to copy filtered resources.
2022-08-08 13:38:49,888 [Worker-5: Building] INFO  o.e.m.c.i.embedder.EclipseLogger - skip non existing resourceDirectory /home/brunei/NetBeansProjects/POO/src/main/resources
2022-08-08 13:38:49,891 [Worker-5: Building] INFO  o.e.m.c.i.embedder.EclipseLogger - Using 'UTF-8' encoding to copy filtered resources.
2022-08-08 13:38:49,892 [Worker-5: Building] INFO  o.e.m.c.i.embedder.EclipseLogger - skip non existing resourceDirectory /home/brunei/NetBeansProjects/POO/src/test/resources
2022-08-08 13:41:09,860 [Worker-11: Building] INFO  o.e.m.c.i.embedder.EclipseLogger - Using 'UTF-8' encoding to copy filtered resources.
2022-08-08 13:41:09,860 [Worker-11: Building] INFO  o.e.m.c.i.embedder.EclipseLogger - skip non existing resourceDirectory /home/brunei/NetBeansProjects/POO/src/main/resources
2022-08-08 13:41:09,864 [Worker-11: Building] INFO  o.e.m.c.i.embedder.EclipseLogger - Using 'UTF-8' encoding to copy filtered resources.
2022-08-08 13:41:09,864 [Worker-11: Building] INFO  o.e.m.c.i.embedder.EclipseLogger - skip non existing resourceDirectory /home/brunei/NetBeansProjects/POO/src/test/resources
2022-08-08 13:41:28,940 [Worker-12: Updating Maven Project] INFO  o.e.m.c.i.p.ProjectConfigurationManager - Update started
2022-08-08 13:41:29,386 [Worker-12: Updating Maven Project] INFO  o.e.m.c.i.l.LifecycleMappingFactory - Using org.eclipse.m2e.jdt.JarLifecycleMapping lifecycle mapping for MavenProject: programa.poo:POO:1.0-SNAPSHOT @ /home/brunei/NetBeansProjects/POO/pom.xml.
2022-08-08 13:41:29,702 [Worker-12: Updating Maven Project] INFO  o.e.m.j.i.AbstractJavaProjectConfigurator - Adding source folder /POO/src/main/java
2022-08-08 13:41:29,703 [Worker-12: Updating Maven Project] INFO  o.e.m.j.i.AbstractJavaProjectConfigurator - Adding source folder /POO/src/test/java
2022-08-08 13:41:29,809 [Worker-12: Updating Maven Project] INFO  o.e.m.c.i.p.ProjectConfigurationManager - Update completed: 0 sec
2022-08-08 13:41:29,956 [Worker-3: Building] INFO  o.e.m.c.i.embedder.EclipseLogger - Using 'UTF-8' encoding to copy filtered resources.
2022-08-08 13:41:29,956 [Worker-3: Building] INFO  o.e.m.c.i.embedder.EclipseLogger - skip non existing resourceDirectory /home/brunei/NetBeansProjects/POO/src/main/resources
2022-08-08 13:41:29,959 [Worker-3: Building] INFO  o.e.m.c.i.embedder.EclipseLogger - Using 'UTF-8' encoding to copy filtered resources.
2022-08-08 13:41:29,960 [Worker-3: Building] INFO  o.e.m.c.i.embedder.EclipseLogger - skip non existing resourceDirectory /home/brunei/NetBeansProjects/POO/src/test/resources
2022-08-08 13:42:05,154 [Worker-5: Building] INFO  o.e.m.c.i.embedder.EclipseLogger - Using 'UTF-8' encoding to copy filtered resources.
2022-08-08 13:42:05,154 [Worker-5: Building] INFO  o.e.m.c.i.embedder.EclipseLogger - skip non existing resourceDirectory /home/brunei/NetBeansProjects/POO/src/main/resources
2022-08-08 13:42:05,162 [Worker-5: Building] INFO  o.e.m.c.i.embedder.EclipseLogger - Using 'UTF-8' encoding to copy filtered resources.
2022-08-08 13:42:05,162 [Worker-5: Building] INFO  o.e.m.c.i.embedder.EclipseLogger - skip non existing resourceDirectory /home/brunei/NetBeansProjects/POO/src/test/resources
2022-08-08 13:42:22,751 [main] INFO  o.e.m2e.actions.ExecutePomAction - Creating new launch configuration
2022-08-08 13:42:27,198 [Worker-11: Launching POO] INFO  o.e.m.i.launch.MavenLaunchDelegate - /home/brunei/NetBeansProjects/POO
2022-08-08 13:42:27,198 [Worker-11: Launching POO] INFO  o.e.m.i.launch.MavenLaunchDelegate -  mvn -B 
